#
# A fatal error has been detected by the Java Runtime Environment:
#
#  EXCEPTION_ACCESS_VIOLATION (0xc0000005) at pc=0x00000000764e8b35, pid=6028, tid=10232
#
# JRE version: Java(TM) SE Runtime Environment (8.0_66-b18) (build 1.8.0_66-b18)
# Java VM: Java HotSpot(TM) 64-Bit Server VM (25.66-b18 mixed mode windows-amd64 compressed oops)
# Problematic frame:
# V  [jvm.dll+0x128b35]
#
# Failed to write core dump. Minidumps are not enabled by default on client versions of Windows
#
# If you would like to submit a bug report, please visit:
#   http://bugreport.java.com/bugreport/crash.jsp
#

---------------  T H R E A D  ---------------

Current thread (0x0000000016ab9000):  JavaThread "JDWP Transport Listener: dt_socket" daemon [_thread_in_vm, id=10232, stack(0x0000000018520000,0x0000000018620000)]

siginfo: ExceptionCode=0xc0000005, reading address 0x000000001ba1003b

Registers:
RAX=0x000000001861f501, RBX=0x0000000016ab9000, RCX=0x000000001ba1003b, RDX=0x0000000000000000
RSP=0x000000001861f4c0, RBP=0x000000001ba1003b, RSI=0x000000001861f5d8, RDI=0x0000000001d0b110
R8 =0x0000000016ab9000, R9 =0x0000000000008000, R10=0x0000000000000000, R11=0x000000001a947a4d
R12=0x0000000000000000, R13=0x0000000016ab9908, R14=0x0000000000000000, R15=0x0000000000000000
RIP=0x00000000764e8b35, EFLAGS=0x0000000000010202

Top of Stack: (sp=0x000000001861f4c0)
0x000000001861f4c0:   0000000016ab9000 0000000016ab9000
0x000000001861f4d0:   000000001861f588 00000000766ee2eb
0x000000001861f4e0:   0000000016ab9000 000000007670ab4d
0x000000001861f4f0:   0000000000000000 00000000504d9155
0x000000001861f500:   000000001955add0 00000000504e291e
0x000000001861f510:   0000000016ab9000 0000000000000000
0x000000001861f520:   0000000000000000 0000000000000000
0x000000001861f530:   000000001ba1003b 00000000504e1a15
0x000000001861f540:   000000001861f5d8 000000001861f5b0
0x000000001861f550:   0000000000000001 000000001955add0
0x000000001861f560:   000000001ba1003b 00000000504c53b3
0x000000001861f570:   000000001861f6a0 0000000000000001
0x000000001861f580:   0000000000000001 000000001955add0
0x000000001861f590:   00000000f0001041 0000000000000000
0x000000001861f5a0:   0000000000000000 0000000000000000
0x000000001861f5b0:   0000000000000001 00000000504c5571 

Instructions: (pc=0x00000000764e8b35)
0x00000000764e8b15:   cc cc cc cc cc cc cc cc cc cc cc 48 83 ec 28 48
0x00000000764e8b25:   85 c9 75 07 33 c0 48 83 c4 28 c3 48 89 5c 24 20
0x00000000764e8b35:   48 8b 19 48 85 db 74 20 48 83 fb 37 74 1a 48 8b
0x00000000764e8b45:   13 48 8b cb ff 52 10 84 c0 74 0d 48 8b c3 48 8b 


Register to memory mapping:

RAX=0x000000001861f501 is pointing into the stack for thread: 0x0000000016ab9000
RBX=0x0000000016ab9000 is a thread
RCX=0x000000001ba1003b is an unknown value
RDX=0x0000000000000000 is an unknown value
RSP=0x000000001861f4c0 is pointing into the stack for thread: 0x0000000016ab9000
RBP=0x000000001ba1003b is an unknown value
RSI=0x000000001861f5d8 is pointing into the stack for thread: 0x0000000016ab9000
RDI=0x0000000001d0b110 is an unknown value
R8 =0x0000000016ab9000 is a thread
R9 =0x0000000000008000 is an unknown value
R10=0x0000000000000000 is an unknown value
R11=0x000000001a947a4d is an unknown value
R12=0x0000000000000000 is an unknown value
R13=0x0000000016ab9908 is an unknown value
R14=0x0000000000000000 is an unknown value
R15=0x0000000000000000 is an unknown value


Stack: [0x0000000018520000,0x0000000018620000],  sp=0x000000001861f4c0,  free space=1021k
Native frames: (J=compiled Java code, j=interpreted, Vv=VM code, C=native code)
V  [jvm.dll+0x128b35]
V  [jvm.dll+0x34ab4d]
C  [jdwp.dll+0x21a15]
C  [jdwp.dll+0x53b3]
C  [jdwp.dll+0x5571]
C  [jdwp.dll+0xf0a8]
C  [jdwp.dll+0x1f2d5]
C  [jdwp.dll+0x1f4aa]
V  [jvm.dll+0x1bba28]
V  [jvm.dll+0x243274]
V  [jvm.dll+0x29a0fa]
C  [msvcr100.dll+0x21d9f]
C  [msvcr100.dll+0x21e3b]
C  [KERNEL32.DLL+0x13d2]
C  [ntdll.dll+0x154e4]


---------------  P R O C E S S  ---------------

Java Threads: ( => current thread )
  0x0000000018d3d800 JavaThread "ReaderThread" [_thread_in_native, id=4776, stack(0x0000000019120000,0x0000000019220000)]
  0x0000000018b6d800 JavaThread "Service Thread" daemon [_thread_blocked, id=9292, stack(0x0000000018f20000,0x0000000019020000)]
  0x0000000016ae3800 JavaThread "C1 CompilerThread2" daemon [_thread_blocked, id=9164, stack(0x0000000018a20000,0x0000000018b20000)]
  0x0000000016ad9000 JavaThread "C2 CompilerThread1" daemon [_thread_blocked, id=5980, stack(0x0000000018920000,0x0000000018a20000)]
  0x0000000016ad5000 JavaThread "C2 CompilerThread0" daemon [_thread_blocked, id=9928, stack(0x0000000018820000,0x0000000018920000)]
  0x0000000016ad3000 JavaThread "JDWP Command Reader" daemon [_thread_in_native, id=8952, stack(0x0000000018720000,0x0000000018820000)]
  0x0000000016ac6000 JavaThread "JDWP Event Helper Thread" daemon [_thread_blocked, id=5208, stack(0x0000000018620000,0x0000000018720000)]
=>0x0000000016ab9000 JavaThread "JDWP Transport Listener: dt_socket" daemon [_thread_in_vm, id=10232, stack(0x0000000018520000,0x0000000018620000)]
  0x0000000016ab1800 JavaThread "Attach Listener" daemon [_thread_blocked, id=8756, stack(0x0000000018140000,0x0000000018240000)]
  0x0000000016ab0800 JavaThread "Signal Dispatcher" daemon [_thread_blocked, id=1832, stack(0x0000000018040000,0x0000000018140000)]
  0x0000000001f08800 JavaThread "Finalizer" daemon [_thread_blocked, id=1040, stack(0x0000000017d00000,0x0000000017e00000)]
  0x0000000001f00000 JavaThread "Reference Handler" daemon [_thread_blocked, id=9496, stack(0x0000000017c00000,0x0000000017d00000)]
  0x0000000001d0e800 JavaThread "main" [_thread_blocked, id=6932, stack(0x0000000001d10000,0x0000000001e10000)]

Other Threads:
  0x0000000016a77000 VMThread [stack: 0x0000000017b00000,0x0000000017c00000] [id=8688]
  0x0000000018b86800 WatcherThread [stack: 0x0000000019020000,0x0000000019120000] [id=7120]

VM state:not at safepoint (normal execution)

VM Mutex/Monitor currently owned by a thread: None

Heap:
 PSYoungGen      total 38400K, used 10107K [0x00000000d5c00000, 0x00000000da700000, 0x0000000100000000)
  eden space 33280K, 30% used [0x00000000d5c00000,0x00000000d65dece8,0x00000000d7c80000)
  from space 5120K, 0% used [0x00000000d7c80000,0x00000000d7c80000,0x00000000d8180000)
  to   space 5120K, 0% used [0x00000000da200000,0x00000000da200000,0x00000000da700000)
 ParOldGen       total 61440K, used 6230K [0x0000000081400000, 0x0000000085000000, 0x00000000d5c00000)
  object space 61440K, 10% used [0x0000000081400000,0x0000000081a15810,0x0000000085000000)
 Metaspace       used 21466K, capacity 21740K, committed 22016K, reserved 1069056K
  class space    used 2439K, capacity 2520K, committed 2560K, reserved 1048576K

Card table byte_map: [0x00000000112d0000,0x00000000116d0000] byte_map_base: 0x0000000010ec6000

Marking Bits: (ParMarkBitMap*) 0x0000000076bca5b0
 Begin Bits: [0x0000000011d80000, 0x0000000013d30000)
 End Bits:   [0x0000000013d30000, 0x0000000015ce0000)

Polling page: 0x0000000001cb0000

CodeCache: size=245760Kb used=8316Kb max_used=8361Kb free=237443Kb
 bounds [0x0000000001f10000, 0x0000000002750000, 0x0000000010f10000]
 total_blobs=2714 nmethods=2311 adapters=323
 compilation: enabled

Compilation events (10 events):
Event: 1.662 Thread 0x0000000016ad5000 nmethod 1989 0x0000000002707d50 code [0x0000000002707ea0, 0x0000000002708038]
Event: 1.662 Thread 0x0000000016ad5000 2033       4       java.lang.String::toCharArray (25 bytes)
Event: 1.663 Thread 0x0000000016ad5000 nmethod 2033 0x0000000002708c50 code [0x0000000002708da0, 0x0000000002708ef8]
Event: 1.663 Thread 0x0000000016ad5000 2310       4       org.h2.command.Parser::equalsToken (43 bytes)
Event: 1.663 Thread 0x0000000016ae3800 2311       1       java.util.Hashtable::access$500 (5 bytes)
Event: 1.663 Thread 0x0000000016ae3800 nmethod 2311 0x0000000002707a90 code [0x0000000002707be0, 0x0000000002707cd0]
Event: 1.664 Thread 0x0000000016ae3800 2312       3       org.h2.message.Trace::isDebugEnabled (6 bytes)
Event: 1.664 Thread 0x0000000016ad5000 nmethod 2310 0x00000000027076d0 code [0x0000000002707800, 0x0000000002707998]
Event: 1.664 Thread 0x0000000016ae3800 nmethod 2312 0x0000000002707090 code [0x0000000002707200, 0x0000000002707570]
Event: 1.664 Thread 0x0000000016ad9000 nmethod 1955 0x0000000002720b90 code [0x0000000002720e60, 0x0000000002721c18]

GC Heap History (8 events):
Event: 0.679 GC heap before
{Heap before GC invocations=1 (full 0):
 PSYoungGen      total 38400K, used 33280K [0x00000000d5c00000, 0x00000000d8680000, 0x0000000100000000)
  eden space 33280K, 100% used [0x00000000d5c00000,0x00000000d7c80000,0x00000000d7c80000)
  from space 5120K, 0% used [0x00000000d8180000,0x00000000d8180000,0x00000000d8680000)
  to   space 5120K, 0% used [0x00000000d7c80000,0x00000000d7c80000,0x00000000d8180000)
 ParOldGen       total 87552K, used 0K [0x0000000081400000, 0x0000000086980000, 0x00000000d5c00000)
  object space 87552K, 0% used [0x0000000081400000,0x0000000081400000,0x0000000086980000)
 Metaspace       used 11720K, capacity 11804K, committed 11904K, reserved 1060864K
  class space    used 1362K, capacity 1398K, committed 1408K, reserved 1048576K
Event: 0.684 GC heap after
Heap after GC invocations=1 (full 0):
 PSYoungGen      total 38400K, used 5104K [0x00000000d5c00000, 0x00000000d8680000, 0x0000000100000000)
  eden space 33280K, 0% used [0x00000000d5c00000,0x00000000d5c00000,0x00000000d7c80000)
  from space 5120K, 99% used [0x00000000d7c80000,0x00000000d817c090,0x00000000d8180000)
  to   space 5120K, 0% used [0x00000000d8180000,0x00000000d8180000,0x00000000d8680000)
 ParOldGen       total 87552K, used 326K [0x0000000081400000, 0x0000000086980000, 0x00000000d5c00000)
  object space 87552K, 0% used [0x0000000081400000,0x00000000814518b0,0x0000000086980000)
 Metaspace       used 11720K, capacity 11804K, committed 11904K, reserved 1060864K
  class space    used 1362K, capacity 1398K, committed 1408K, reserved 1048576K
}
Event: 1.132 GC heap before
{Heap before GC invocations=2 (full 0):
 PSYoungGen      total 38400K, used 38384K [0x00000000d5c00000, 0x00000000d8680000, 0x0000000100000000)
  eden space 33280K, 100% used [0x00000000d5c00000,0x00000000d7c80000,0x00000000d7c80000)
  from space 5120K, 99% used [0x00000000d7c80000,0x00000000d817c090,0x00000000d8180000)
  to   space 5120K, 0% used [0x00000000d8180000,0x00000000d8180000,0x00000000d8680000)
 ParOldGen       total 87552K, used 326K [0x0000000081400000, 0x0000000086980000, 0x00000000d5c00000)
  object space 87552K, 0% used [0x0000000081400000,0x00000000814518b0,0x0000000086980000)
 Metaspace       used 17460K, capacity 17536K, committed 17664K, reserved 1064960K
  class space    used 2015K, capacity 2044K, committed 2048K, reserved 1048576K
Event: 1.140 GC heap after
Heap after GC invocations=2 (full 0):
 PSYoungGen      total 38400K, used 5106K [0x00000000d5c00000, 0x00000000da700000, 0x0000000100000000)
  eden space 33280K, 0% used [0x00000000d5c00000,0x00000000d5c00000,0x00000000d7c80000)
  from space 5120K, 99% used [0x00000000d8180000,0x00000000d867c890,0x00000000d8680000)
  to   space 5120K, 0% used [0x00000000d7c80000,0x00000000d7c80000,0x00000000d8180000)
 ParOldGen       total 87552K, used 2770K [0x0000000081400000, 0x0000000086980000, 0x00000000d5c00000)
  object space 87552K, 3% used [0x0000000081400000,0x00000000816b4998,0x0000000086980000)
 Metaspace       used 17460K, capacity 17536K, committed 17664K, reserved 1064960K
  class space    used 2015K, capacity 2044K, committed 2048K, reserved 1048576K
}
Event: 1.499 GC heap before
{Heap before GC invocations=3 (full 0):
 PSYoungGen      total 38400K, used 26915K [0x00000000d5c00000, 0x00000000da700000, 0x0000000100000000)
  eden space 33280K, 65% used [0x00000000d5c00000,0x00000000d714c430,0x00000000d7c80000)
  from space 5120K, 99% used [0x00000000d8180000,0x00000000d867c890,0x00000000d8680000)
  to   space 5120K, 0% used [0x00000000d7c80000,0x00000000d7c80000,0x00000000d8180000)
 ParOldGen       total 87552K, used 2770K [0x0000000081400000, 0x0000000086980000, 0x00000000d5c00000)
  object space 87552K, 3% used [0x0000000081400000,0x00000000816b4998,0x0000000086980000)
 Metaspace       used 20912K, capacity 21100K, committed 21248K, reserved 1069056K
  class space    used 2374K, capacity 2456K, committed 2560K, reserved 1048576K
Event: 1.507 GC heap after
Heap after GC invocations=3 (full 0):
 PSYoungGen      total 38400K, used 5104K [0x00000000d5c00000, 0x00000000da700000, 0x0000000100000000)
  eden space 33280K, 0% used [0x00000000d5c00000,0x00000000d5c00000,0x00000000d7c80000)
  from space 5120K, 99% used [0x00000000d7c80000,0x00000000d817c050,0x00000000d8180000)
  to   space 5120K, 0% used [0x00000000da200000,0x00000000da200000,0x00000000da700000)
 ParOldGen       total 87552K, used 3924K [0x0000000081400000, 0x0000000086980000, 0x00000000d5c00000)
  object space 87552K, 4% used [0x0000000081400000,0x00000000817d50e0,0x0000000086980000)
 Metaspace       used 20912K, capacity 21100K, committed 21248K, reserved 1069056K
  class space    used 2374K, capacity 2456K, committed 2560K, reserved 1048576K
}
Event: 1.507 GC heap before
{Heap before GC invocations=4 (full 1):
 PSYoungGen      total 38400K, used 5104K [0x00000000d5c00000, 0x00000000da700000, 0x0000000100000000)
  eden space 33280K, 0% used [0x00000000d5c00000,0x00000000d5c00000,0x00000000d7c80000)
  from space 5120K, 99% used [0x00000000d7c80000,0x00000000d817c050,0x00000000d8180000)
  to   space 5120K, 0% used [0x00000000da200000,0x00000000da200000,0x00000000da700000)
 ParOldGen       total 87552K, used 3924K [0x0000000081400000, 0x0000000086980000, 0x00000000d5c00000)
  object space 87552K, 4% used [0x0000000081400000,0x00000000817d50e0,0x0000000086980000)
 Metaspace       used 20912K, capacity 21100K, committed 21248K, reserved 1069056K
  class space    used 2374K, capacity 2456K, committed 2560K, reserved 1048576K
Event: 1.539 GC heap after
Heap after GC invocations=4 (full 1):
 PSYoungGen      total 38400K, used 0K [0x00000000d5c00000, 0x00000000da700000, 0x0000000100000000)
  eden space 33280K, 0% used [0x00000000d5c00000,0x00000000d5c00000,0x00000000d7c80000)
  from space 5120K, 0% used [0x00000000d7c80000,0x00000000d7c80000,0x00000000d8180000)
  to   space 5120K, 0% used [0x00000000da200000,0x00000000da200000,0x00000000da700000)
 ParOldGen       total 61440K, used 6230K [0x0000000081400000, 0x0000000085000000, 0x00000000d5c00000)
  object space 61440K, 10% used [0x0000000081400000,0x0000000081a15810,0x0000000085000000)
 Metaspace       used 20912K, capacity 21100K, committed 21248K, reserved 1069056K
  class space    used 2374K, capacity 2456K, committed 2560K, reserved 1048576K
}

Deoptimization events (10 events):
Event: 1.556 Thread 0x0000000001d0e800 Uncommon trap: reason=range_check action=none pc=0x000000000216ee5c method=sun.reflect.generics.parser.SignatureParser.current()C @ 34
Event: 1.556 Thread 0x0000000001d0e800 Uncommon trap: reason=range_check action=none pc=0x000000000216ee5c method=sun.reflect.generics.parser.SignatureParser.current()C @ 34
Event: 1.561 Thread 0x0000000001d0e800 Uncommon trap: reason=range_check action=none pc=0x000000000216ee5c method=sun.reflect.generics.parser.SignatureParser.current()C @ 34
Event: 1.561 Thread 0x0000000001d0e800 Uncommon trap: reason=range_check action=none pc=0x000000000216ee5c method=sun.reflect.generics.parser.SignatureParser.current()C @ 34
Event: 1.563 Thread 0x0000000001d0e800 Uncommon trap: reason=range_check action=none pc=0x000000000216ee5c method=sun.reflect.generics.parser.SignatureParser.current()C @ 34
Event: 1.563 Thread 0x0000000001d0e800 Uncommon trap: reason=range_check action=none pc=0x000000000216ee5c method=sun.reflect.generics.parser.SignatureParser.current()C @ 34
Event: 1.565 Thread 0x0000000001d0e800 Uncommon trap: reason=range_check action=none pc=0x000000000216ee5c method=sun.reflect.generics.parser.SignatureParser.current()C @ 34
Event: 1.567 Thread 0x0000000001d0e800 Uncommon trap: reason=range_check action=none pc=0x000000000216ee5c method=sun.reflect.generics.parser.SignatureParser.current()C @ 34
Event: 1.576 Thread 0x0000000001d0e800 Uncommon trap: reason=range_check action=none pc=0x000000000216ee5c method=sun.reflect.generics.parser.SignatureParser.current()C @ 34
Event: 1.576 Thread 0x0000000001d0e800 Uncommon trap: reason=range_check action=none pc=0x000000000216ee5c method=sun.reflect.generics.parser.SignatureParser.current()C @ 34

Internal exceptions (10 events):
Event: 1.578 Thread 0x0000000001d0e800 Exception <a 'java/lang/ClassNotFoundException': com/epam/spring/movie/aspect/CounterAspectBeanInfo> (0x00000000d5e9d778) thrown at [C:\re\workspace\8-2-build-windows-amd64-cygwin\jdk8u66\5298\hotspot\src\share\vm\classfile\systemDictionary.cpp, line 210]
Event: 1.578 Thread 0x0000000001d0e800 Exception <a 'java/lang/ClassNotFoundException': com/epam/spring/movie/aspect/CounterAspectCustomizer> (0x00000000d5ea8780) thrown at [C:\re\workspace\8-2-build-windows-amd64-cygwin\jdk8u66\5298\hotspot\src\share\vm\classfile\systemDictionary.cpp, line 210—ç∑ÑﬁF˘?
Event: 1.580 Thread 0x0000000001d0e800 Exception <a 'java/lang/ClassNotFoundException': com/epam/spring/movie/aspect/DiscountAspectBeanInfo> (0x00000000d5ebc758) thrown at [C:\re\workspace\8-2-build-windows-amd64-cygwin\jdk8u66\5298\hotspot\src\share\vm\classfile\systemDictionary.cpp, line 210]æ°Ñ-gH˘?
Event: 1.580 Thread 0x0000000001d0e800 Exception <a 'java/lang/ClassNotFoundException': com/epam/spring/movie/aspect/DiscountAspectCustomizer> (0x00000000d5ec78d8) thrown at [C:\re\workspace\8-2-build-windows-amd64-cygwin\jdk8u66\5298\hotspot\src\share\vm\classfile\systemDictionary.cpp, line 21Ω‹##O˘?
Event: 1.582 Thread 0x0000000001d0e800 Exception <a 'java/lang/ClassNotFoundException': com/epam/spring/movie/aspect/LuckyTicketAspectBeanInfo> (0x00000000d5edc590) thrown at [C:\re\workspace\8-2-build-windows-amd64-cygwin\jdk8u66\5298\hotspot\src\share\vm\classfile\systemDictionary.cpp, line 2séqy∏P˘?
Event: 1.582 Thread 0x0000000001d0e800 Exception <a 'java/lang/ClassNotFoundException': com/epam/spring/movie/aspect/LuckyTicketAspectCustomizer> (0x00000000d5ee7b50) thrown at [C:\re\workspace\8-2-build-windows-amd64-cygwin\jdk8u66\5298\hotspot\src\share\vm\classfile\systemDictionary.cpp, line;Ívw§Û˘?
Event: 1.622 Thread 0x0000000001d0e800 Exception <a 'java/lang/ClassNotFoundException': com/epam/spring/movie/service/EventCounterServiceTestBeanInfo> (0x00000000d621c540) thrown at [C:\re\workspace\8-2-build-windows-amd64-cygwin\jdk8u66\5298\hotspot\src\share\vm\classfile\systemDictionary.cpp,›W¯ı˘?
Event: 1.622 Thread 0x0000000001d0e800 Exception <a 'java/lang/ClassNotFoundException': com/epam/spring/movie/AbstractTestCaseBeanInfo> (0x00000000d6226b80) thrown at [C:\re\workspace\8-2-build-windows-amd64-cygwin\jdk8u66\5298\hotspot\src\share\vm\classfile\systemDictionary.cpp, line 210]
Event: 1.623 Thread 0x0000000001d0e800 Exception <a 'java/lang/ClassNotFoundException': com/epam/spring/movie/AbstractTestCaseCustomizer> (0x00000000d6231548) thrown at [C:\re\workspace\8-2-build-windows-amd64-cygwin\jdk8u66\5298\hotspot\src\share\vm\classfile\systemDictionary.cpp, line 210]
Event: 1.623 Thread 0x0000000001d0e800 Exception <a 'java/lang/ClassNotFoundException': com/epam/spring/movie/service/EventCounterServiceTestCustomizer> (0x00000000d623eab0) thrown at [C:\re\workspace\8-2-build-windows-amd64-cygwin\jdk8u66\5298\hotspot\src\share\vm\classfile\systemDictionary.cpRÿ†?˘?

Events (10 events):
Event: 2076.411 Executing VM operation: EnterInterpOnlyMode
Event: 2076.411 Executing nested VM operation: Deoptimize
Event: 2076.412 Executing nested VM operation: Deoptimize done
Event: 2076.412 Executing VM operation: EnterInterpOnlyMode done
Event: 2076.412 Executing VM operation: ChangeSingleStep
Event: 2076.412 Executing VM operation: ChangeSingleStep done
Event: 2076.412 Executing VM operation: ChangeSingleStep
Event: 2076.412 Executing VM operation: ChangeSingleStep done
Event: 2076.432 Executing VM operation: RedefineClasses
Event: 2076.460 Executing VM operation: RedefineClasses done


Dynamic libraries:
0x00007ff74d3d0000 - 0x00007ff74d407000 	C:\Program Files\Java\jdk1.8.0_66\bin\javaw.exe
0x00007ffaef000000 - 0x00007ffaef1ad000 	C:\WINDOWS\SYSTEM32\ntdll.dll
0x00007ffaee710000 - 0x00007ffaee84e000 	C:\WINDOWS\system32\KERNEL32.DLL
0x00007ffaec380000 - 0x00007ffaec495000 	C:\WINDOWS\system32\KERNELBASE.dll
0x00007ffaee480000 - 0x00007ffaee52a000 	C:\WINDOWS\system32\ADVAPI32.DLL
0x00007ffaec960000 - 0x00007ffaeca0a000 	C:\WINDOWS\system32\msvcrt.dll
0x00007ffaec900000 - 0x00007ffaec959000 	C:\WINDOWS\SYSTEM32\sechost.dll
0x00007ffaec6e0000 - 0x00007ffaec821000 	C:\WINDOWS\system32\RPCRT4.dll
0x00007ffaeacd0000 - 0x00007ffaead5e000 	C:\WINDOWS\system32\apphelp.dll
0x00007ffac0bf0000 - 0x00007ffac0c43000 	C:\WINDOWS\AppPatch\AppPatch64\AcGenral.DLL
0x00007ffaebf20000 - 0x00007ffaebf4e000 	C:\WINDOWS\SYSTEM32\SspiCli.dll
0x00007ffaec8a0000 - 0x00007ffaec8f4000 	C:\WINDOWS\system32\SHLWAPI.dll
0x00007ffaeec10000 - 0x00007ffaeed87000 	C:\WINDOWS\system32\USER32.dll
0x00007ffaee850000 - 0x00007ffaee9e4000 	C:\WINDOWS\system32\ole32.dll
0x00007ffaecd20000 - 0x00007ffaee24a000 	C:\WINDOWS\system32\SHELL32.dll
0x00007ffaeb6f0000 - 0x00007ffaeb711000 	C:\WINDOWS\SYSTEM32\USERENV.dll
0x00007ffae5400000 - 0x00007ffae541e000 	C:\WINDOWS\SYSTEM32\MPR.dll
0x00007ffaeca10000 - 0x00007ffaecc21000 	C:\WINDOWS\SYSTEM32\combase.dll
0x00007ffaee250000 - 0x00007ffaee3a0000 	C:\WINDOWS\system32\GDI32.dll
0x00007ffaec150000 - 0x00007ffaec165000 	C:\WINDOWS\SYSTEM32\profapi.dll
0x00007ffaea700000 - 0x00007ffaea7b2000 	C:\WINDOWS\SYSTEM32\SHCORE.dll
0x00007ffaec680000 - 0x00007ffaec6b6000 	C:\WINDOWS\system32\IMM32.DLL
0x00007ffaee9f0000 - 0x00007ffaeeb42000 	C:\WINDOWS\system32\MSCTF.dll
0x00007ffae9e40000 - 0x00007ffaea0bb000 	C:\WINDOWS\WinSxS\amd64_microsoft.windows.common-controls_6595b64144ccf1df_6.0.9600.18006_none_623f33d3ecbe86e8\COMCTL32.dll
0x0000000076c50000 - 0x0000000076d22000 	C:\Program Files\Java\jdk1.8.0_66\jre\bin\msvcr100.dll
0x00000000763c0000 - 0x0000000076c49000 	C:\Program Files\Java\jdk1.8.0_66\jre\bin\server\jvm.dll
0x00007ffae47e0000 - 0x00007ffae47e9000 	C:\WINDOWS\SYSTEM32\WSOCK32.dll
0x00007ffae2840000 - 0x00007ffae2862000 	C:\WINDOWS\SYSTEM32\WINMM.dll
0x00007ffae53f0000 - 0x00007ffae53fa000 	C:\WINDOWS\SYSTEM32\VERSION.dll
0x00007ffaec890000 - 0x00007ffaec897000 	C:\WINDOWS\system32\PSAPI.DLL
0x00007ffaecc30000 - 0x00007ffaecc8a000 	C:\WINDOWS\system32\WS2_32.dll
0x00007ffae2810000 - 0x00007ffae283a000 	C:\WINDOWS\SYSTEM32\WINMMBASE.dll
0x00007ffaec6c0000 - 0x00007ffaec6c9000 	C:\WINDOWS\system32\NSI.dll
0x00007ffaec280000 - 0x00007ffaec2cf000 	C:\WINDOWS\SYSTEM32\cfgmgr32.dll
0x00007ffaeaf40000 - 0x00007ffaeaf68000 	C:\WINDOWS\SYSTEM32\DEVOBJ.dll
0x0000000050680000 - 0x000000005068f000 	C:\Program Files\Java\jdk1.8.0_66\jre\bin\verify.dll
0x00000000505c0000 - 0x00000000505e9000 	C:\Program Files\Java\jdk1.8.0_66\jre\bin\java.dll
0x00000000504c0000 - 0x00000000504f5000 	C:\Program Files\Java\jdk1.8.0_66\jre\bin\jdwp.dll
0x0000000050670000 - 0x0000000050678000 	C:\Program Files\Java\jdk1.8.0_66\jre\bin\npt.dll
0x00000000505a0000 - 0x00000000505b6000 	C:\Program Files\Java\jdk1.8.0_66\jre\bin\zip.dll
0x00000000504b0000 - 0x00000000504b9000 	C:\Program Files\Java\jdk1.8.0_66\jre\bin\dt_socket.dll
0x00007ffae5cd0000 - 0x00007ffae5ce5000 	C:\WINDOWS\system32\napinsp.dll
0x00007ffae5e00000 - 0x00007ffae5e1a000 	C:\WINDOWS\system32\pnrpnsp.dll
0x00007ffae9a50000 - 0x00007ffae9a6b000 	C:\WINDOWS\system32\NLAapi.dll
0x00007ffaeb960000 - 0x00007ffaeb9b9000 	C:\WINDOWS\System32\mswsock.dll
0x00007ffaeb760000 - 0x00007ffaeb804000 	C:\WINDOWS\SYSTEM32\DNSAPI.dll
0x00007ffae5e20000 - 0x00007ffae5e2d000 	C:\WINDOWS\System32\winrnr.dll
0x00007ffae64f0000 - 0x00007ffae655b000 	C:\WINDOWS\System32\fwpuclnt.dll
0x00007ffae5e40000 - 0x00007ffae5e4a000 	C:\Windows\System32\rasadhlp.dll
0x0000000050490000 - 0x00000000504aa000 	C:\Program Files\Java\jdk1.8.0_66\jre\bin\net.dll
0x00007ffaeb9c0000 - 0x00007ffaeb9e0000 	C:\WINDOWS\SYSTEM32\CRYPTSP.dll
0x00007ffaeb5e0000 - 0x00007ffaeb616000 	C:\WINDOWS\system32\rsaenh.dll
0x00007ffaebc10000 - 0x00007ffaebc36000 	C:\WINDOWS\SYSTEM32\bcrypt.dll
0x00007ffaebf50000 - 0x00007ffaebfb3000 	C:\WINDOWS\system32\bcryptprimitives.dll
0x00007ffaebfc0000 - 0x00007ffaebfcb000 	C:\WINDOWS\SYSTEM32\CRYPTBASE.dll
0x00007ffae45c0000 - 0x00007ffae4749000 	C:\WINDOWS\SYSTEM32\dbghelp.dll

VM Arguments:
jvm_args: -agentlib:jdwp=transport=dt_socket,suspend=y,address=localhost:53366 -Dfile.encoding=UTF-8 
java_command: org.eclipse.jdt.internal.junit.runner.RemoteTestRunner -version 3 -port 53365 -testLoaderClass org.eclipse.jdt.internal.junit4.runner.JUnit4TestLoader -loaderpluginname org.eclipse.jdt.junit4.runtime -classNames com.epam.spring.movie.service.EventCounterServiceTest
java_class_path (initial): D:\_MovieRepo\Movie\target\test-classes;D:\_MovieRepo\Movie\target\classes;C:\Users\Taras_Hrynchuk\.m2\repository\junit\junit\4.12\junit-4.12.jar;C:\Users\Taras_Hrynchuk\.m2\repository\org\hamcrest\hamcrest-core\1.3\hamcrest-core-1.3.jar;C:\Users\Taras_Hrynchuk\.m2\repository\org\springframework\spring-test\4.2.4.RELEASE\spring-test-4.2.4.RELEASE.jar;C:\Users\Taras_Hrynchuk\.m2\repository\org\springframework\spring-core\4.2.4.RELEASE\spring-core-4.2.4.RELEASE.jar;C:\Users\Taras_Hrynchuk\.m2\repository\commons-logging\commons-logging\1.2\commons-logging-1.2.jar;C:\Users\Taras_Hrynchuk\.m2\repository\org\springframework\spring-context\4.2.4.RELEASE\spring-context-4.2.4.RELEASE.jar;C:\Users\Taras_Hrynchuk\.m2\repository\org\springframework\spring-aop\4.2.4.RELEASE\spring-aop-4.2.4.RELEASE.jar;C:\Users\Taras_Hrynchuk\.m2\repository\aopalliance\aopalliance\1.0\aopalliance-1.0.jar;C:\Users\Taras_Hrynchuk\.m2\repository\org\springframework\spring-beans\4.2.4.RELEASE\spring-beans-4.2.4.RELEASE.jar;C:\Users\Taras_Hrynchuk\.m2\repository\org\springframework\spring-expression\4.2.4.RELEASE\spring-expression-4.2.4.RELEASE.jar;C:\Users\Taras_Hrynchuk\.m2\repository\org\springframework\spring-context-support\4.2.4.RELEASE\spring-context-support-4.2.4.RELEASE.jar;C:\Users\Taras_Hrynchuk\.m2\repository\org\springframework\spring-tx\4.2.4.RELEASE\spring-tx-4.2.4.RELEASE.jar;C:\Users\Taras_Hrynchuk\.m2\repository\org\springframework\spring-jdbc\4.2.4.RELEASE\spring-jdbc-4.2.4.RELEASE.jar;C:\Users\Taras_Hrynchuk\.m2\repository\commons-io\commons-io\2.4\commons-io-2.4.jar;C:\Users\Taras_Hrynchuk\.m2\repository\org\aspectj\aspectjweaver\1.7.3\aspectjweaver-1.7.3.jar;C:\Users\Taras_Hrynchuk\.m2\repository\org\aspectj\aspectjrt\1.7.3\aspectjrt-1.7.3.jar;C:\Users\Taras_Hrynchuk\.m2\repository\com\h2database\h2\1.4.191\h2-1.4.191.jar;/D:/eclipse_mars_spring/configuration/org.eclipse.osgi/362/0/.cp/;/D:/eclipse_mars_spring/configuration/org.eclipse.osgi/361/0/.cp/
